<?xml version="1.0" encoding="UTF-8"?>
<testng-results skipped="1" failed="0" ignored="0" total="10" passed="9">
  <reporter-output>
  </reporter-output>
  <suite name="FREE CRM Application Test Automation Test Suite" duration-ms="164547" started-at="2018-10-26T19:22:15Z" finished-at="2018-10-26T19:24:59Z">
    <groups>
    </groups>
    <test name="FREE CRM App Test Cases" duration-ms="164547" started-at="2018-10-26T19:22:15Z" finished-at="2018-10-26T19:24:59Z">
      <class name="com.crm.qa.testcases.HomePageTest">
        <test-method status="PASS" signature="setUp()[pri:0, instance:com.crm.qa.testcases.HomePageTest@1bce4f0a]" name="setUp" is-config="true" duration-ms="29829" started-at="2018-10-27T00:52:29Z" finished-at="2018-10-27T00:52:58Z">
          <reporter-output>
          </reporter-output>
        </test-method> <!-- setUp -->
        <test-method status="PASS" signature="verifyHomePageTitle()[pri:1, instance:com.crm.qa.testcases.HomePageTest@1bce4f0a]" name="verifyHomePageTitle" duration-ms="8" started-at="2018-10-27T00:52:58Z" finished-at="2018-10-27T00:52:58Z">
          <reporter-output>
          </reporter-output>
        </test-method> <!-- verifyHomePageTitle -->
        <test-method status="PASS" signature="tearDown()[pri:0, instance:com.crm.qa.testcases.HomePageTest@1bce4f0a]" name="tearDown" is-config="true" duration-ms="904" started-at="2018-10-27T00:52:58Z" finished-at="2018-10-27T00:52:59Z">
          <reporter-output>
          </reporter-output>
        </test-method> <!-- tearDown -->
        <test-method status="PASS" signature="setUp()[pri:0, instance:com.crm.qa.testcases.HomePageTest@1bce4f0a]" name="setUp" is-config="true" duration-ms="16374" started-at="2018-10-27T00:53:27Z" finished-at="2018-10-27T00:53:44Z">
          <reporter-output>
          </reporter-output>
        </test-method> <!-- setUp -->
        <test-method status="PASS" signature="verifyUserNameTest()[pri:2, instance:com.crm.qa.testcases.HomePageTest@1bce4f0a]" name="verifyUserNameTest" duration-ms="157" started-at="2018-10-27T00:53:44Z" finished-at="2018-10-27T00:53:44Z">
          <reporter-output>
          </reporter-output>
        </test-method> <!-- verifyUserNameTest -->
        <test-method status="PASS" signature="tearDown()[pri:0, instance:com.crm.qa.testcases.HomePageTest@1bce4f0a]" name="tearDown" is-config="true" duration-ms="906" started-at="2018-10-27T00:53:44Z" finished-at="2018-10-27T00:53:45Z">
          <reporter-output>
          </reporter-output>
        </test-method> <!-- tearDown -->
        <test-method status="PASS" signature="setUp()[pri:0, instance:com.crm.qa.testcases.HomePageTest@1bce4f0a]" name="setUp" is-config="true" duration-ms="17688" started-at="2018-10-27T00:54:19Z" finished-at="2018-10-27T00:54:36Z">
          <reporter-output>
          </reporter-output>
        </test-method> <!-- setUp -->
        <test-method status="PASS" signature="verifyContactLink()[pri:3, instance:com.crm.qa.testcases.HomePageTest@1bce4f0a]" name="verifyContactLink" duration-ms="1583" started-at="2018-10-27T00:54:36Z" finished-at="2018-10-27T00:54:38Z">
          <reporter-output>
          </reporter-output>
        </test-method> <!-- verifyContactLink -->
        <test-method status="PASS" signature="tearDown()[pri:0, instance:com.crm.qa.testcases.HomePageTest@1bce4f0a]" name="tearDown" is-config="true" duration-ms="866" started-at="2018-10-27T00:54:38Z" finished-at="2018-10-27T00:54:39Z">
          <reporter-output>
          </reporter-output>
        </test-method> <!-- tearDown -->
      </class> <!-- com.crm.qa.testcases.HomePageTest -->
      <class name="com.crm.qa.testcases.ContactsPageTest">
        <test-method status="PASS" signature="setUp()[pri:0, instance:com.crm.qa.testcases.ContactsPageTest@5e3a8624]" name="setUp" is-config="true" duration-ms="18445" started-at="2018-10-27T00:52:59Z" finished-at="2018-10-27T00:53:18Z">
          <reporter-output>
          </reporter-output>
        </test-method> <!-- setUp -->
        <test-method status="PASS" signature="verifyContactsPageLabel()[pri:1, instance:com.crm.qa.testcases.ContactsPageTest@5e3a8624]" name="verifyContactsPageLabel" duration-ms="67" started-at="2018-10-27T00:53:18Z" finished-at="2018-10-27T00:53:18Z">
          <reporter-output>
          </reporter-output>
        </test-method> <!-- verifyContactsPageLabel -->
        <test-method status="PASS" signature="tearDown()[pri:0, instance:com.crm.qa.testcases.ContactsPageTest@5e3a8624]" name="tearDown" is-config="true" duration-ms="895" started-at="2018-10-27T00:53:18Z" finished-at="2018-10-27T00:53:19Z">
          <reporter-output>
          </reporter-output>
        </test-method> <!-- tearDown -->
        <test-method status="PASS" signature="setUp()[pri:0, instance:com.crm.qa.testcases.ContactsPageTest@5e3a8624]" name="setUp" is-config="true" duration-ms="17986" started-at="2018-10-27T00:53:45Z" finished-at="2018-10-27T00:54:03Z">
          <reporter-output>
          </reporter-output>
        </test-method> <!-- setUp -->
        <test-method status="PASS" signature="selectSingleContactsTest()[pri:2, instance:com.crm.qa.testcases.ContactsPageTest@5e3a8624]" name="selectSingleContactsTest" duration-ms="133" started-at="2018-10-27T00:54:03Z" finished-at="2018-10-27T00:54:03Z">
          <reporter-output>
          </reporter-output>
        </test-method> <!-- selectSingleContactsTest -->
        <test-method status="PASS" signature="tearDown()[pri:0, instance:com.crm.qa.testcases.ContactsPageTest@5e3a8624]" name="tearDown" is-config="true" duration-ms="887" started-at="2018-10-27T00:54:03Z" finished-at="2018-10-27T00:54:04Z">
          <reporter-output>
          </reporter-output>
        </test-method> <!-- tearDown -->
        <test-method status="PASS" signature="setUp()[pri:0, instance:com.crm.qa.testcases.ContactsPageTest@5e3a8624]" name="setUp" is-config="true" duration-ms="17076" started-at="2018-10-27T00:54:39Z" finished-at="2018-10-27T00:54:56Z">
          <reporter-output>
          </reporter-output>
        </test-method> <!-- setUp -->
        <test-method status="PASS" signature="selectMultipleContactsTest()[pri:3, instance:com.crm.qa.testcases.ContactsPageTest@5e3a8624]" name="selectMultipleContactsTest" duration-ms="336" started-at="2018-10-27T00:54:56Z" finished-at="2018-10-27T00:54:56Z">
          <reporter-output>
          </reporter-output>
        </test-method> <!-- selectMultipleContactsTest -->
        <test-method status="PASS" signature="tearDown()[pri:0, instance:com.crm.qa.testcases.ContactsPageTest@5e3a8624]" name="tearDown" is-config="true" duration-ms="803" started-at="2018-10-27T00:54:56Z" finished-at="2018-10-27T00:54:57Z">
          <reporter-output>
          </reporter-output>
        </test-method> <!-- tearDown -->
        <test-method status="SKIP" signature="validateCreateNewContact(java.lang.String, java.lang.String, java.lang.String, java.lang.String)[pri:4, instance:com.crm.qa.testcases.ContactsPageTest@5e3a8624]" name="validateCreateNewContact" duration-ms="0" started-at="2018-10-27T00:54:59Z" data-provider="getCrmTestData" finished-at="2018-10-27T00:54:59Z">
          <exception class="java.lang.RuntimeException">
            <message>
              <![CDATA[java.lang.NullPointerException]]>
            </message>
            <full-stacktrace>
              <![CDATA[java.lang.RuntimeException: java.lang.NullPointerException
	at org.testng.internal.MethodInvocationHelper.invokeMethodNoCheckedException(MethodInvocationHelper.java:49)
	at org.testng.internal.MethodInvocationHelper.invokeDataProvider(MethodInvocationHelper.java:115)
	at org.testng.internal.Parameters.handleParameters(Parameters.java:509)
	at org.testng.internal.Invoker.handleParameters(Invoker.java:1308)
	at org.testng.internal.Invoker.createParameters(Invoker.java:1036)
	at org.testng.internal.Invoker.invokeTestMethods(Invoker.java:1126)
	at org.testng.internal.TestMethodWorker.invokeTestMethods(TestMethodWorker.java:126)
	at org.testng.internal.TestMethodWorker.run(TestMethodWorker.java:109)
	at org.testng.TestRunner.privateRun(TestRunner.java:744)
	at org.testng.TestRunner.run(TestRunner.java:602)
	at org.testng.SuiteRunner.runTest(SuiteRunner.java:380)
	at org.testng.SuiteRunner.runSequentially(SuiteRunner.java:375)
	at org.testng.SuiteRunner.privateRun(SuiteRunner.java:340)
	at org.testng.SuiteRunner.run(SuiteRunner.java:289)
	at org.testng.SuiteRunnerWorker.runSuite(SuiteRunnerWorker.java:52)
	at org.testng.SuiteRunnerWorker.run(SuiteRunnerWorker.java:86)
	at org.testng.TestNG.runSuitesSequentially(TestNG.java:1301)
	at org.testng.TestNG.runSuitesLocally(TestNG.java:1226)
	at org.testng.TestNG.runSuites(TestNG.java:1144)
	at org.testng.TestNG.run(TestNG.java:1115)
	at org.testng.remote.AbstractRemoteTestNG.run(AbstractRemoteTestNG.java:114)
	at org.testng.remote.RemoteTestNG.initAndRun(RemoteTestNG.java:251)
	at org.testng.remote.RemoteTestNG.main(RemoteTestNG.java:77)
Caused by: java.lang.NullPointerException
	at com.crm.qa.util.TestUtil.getTestData(TestUtil.java:65)
	at com.crm.qa.testcases.ContactsPageTest.getCrmTestData(ContactsPageTest.java:68)
	at sun.reflect.NativeMethodAccessorImpl.invoke0(Native Method)
	at sun.reflect.NativeMethodAccessorImpl.invoke(NativeMethodAccessorImpl.java:62)
	at sun.reflect.DelegatingMethodAccessorImpl.invoke(DelegatingMethodAccessorImpl.java:43)
	at java.lang.reflect.Method.invoke(Method.java:498)
	at org.testng.internal.MethodInvocationHelper.invokeMethod(MethodInvocationHelper.java:108)
	at org.testng.internal.MethodInvocationHelper.invokeMethod(MethodInvocationHelper.java:55)
	at org.testng.internal.MethodInvocationHelper.invokeMethodNoCheckedException(MethodInvocationHelper.java:45)
	... 22 more
]]>
            </full-stacktrace>
          </exception> <!-- java.lang.RuntimeException -->
          <reporter-output>
          </reporter-output>
        </test-method> <!-- validateCreateNewContact -->
      </class> <!-- com.crm.qa.testcases.ContactsPageTest -->
      <class name="com.crm.qa.testcases.LoginPageTest">
        <test-method status="PASS" signature="setUP()[pri:0, instance:com.crm.qa.testcases.LoginPageTest@3bfdc050]" name="setUP" is-config="true" duration-ms="12601" started-at="2018-10-27T00:52:15Z" finished-at="2018-10-27T00:52:28Z">
          <reporter-output>
          </reporter-output>
        </test-method> <!-- setUP -->
        <test-method status="PASS" signature="loginPageTitleTest()[pri:1, instance:com.crm.qa.testcases.LoginPageTest@3bfdc050]" name="loginPageTitleTest" duration-ms="61" started-at="2018-10-27T00:52:28Z" finished-at="2018-10-27T00:52:28Z">
          <reporter-output>
          </reporter-output>
        </test-method> <!-- loginPageTitleTest -->
        <test-method status="PASS" signature="tearDown()[pri:0, instance:com.crm.qa.testcases.LoginPageTest@3bfdc050]" name="tearDown" is-config="true" duration-ms="883" started-at="2018-10-27T00:52:28Z" finished-at="2018-10-27T00:52:29Z">
          <reporter-output>
          </reporter-output>
        </test-method> <!-- tearDown -->
        <test-method status="PASS" signature="setUP()[pri:0, instance:com.crm.qa.testcases.LoginPageTest@3bfdc050]" name="setUP" is-config="true" duration-ms="7600" started-at="2018-10-27T00:53:19Z" finished-at="2018-10-27T00:53:26Z">
          <reporter-output>
          </reporter-output>
        </test-method> <!-- setUP -->
        <test-method status="PASS" signature="crmLogoImageTest()[pri:2, instance:com.crm.qa.testcases.LoginPageTest@3bfdc050]" name="crmLogoImageTest" duration-ms="150" started-at="2018-10-27T00:53:26Z" finished-at="2018-10-27T00:53:26Z">
          <reporter-output>
          </reporter-output>
        </test-method> <!-- crmLogoImageTest -->
        <test-method status="PASS" signature="tearDown()[pri:0, instance:com.crm.qa.testcases.LoginPageTest@3bfdc050]" name="tearDown" is-config="true" duration-ms="832" started-at="2018-10-27T00:53:26Z" finished-at="2018-10-27T00:53:27Z">
          <reporter-output>
          </reporter-output>
        </test-method> <!-- tearDown -->
        <test-method status="PASS" signature="setUP()[pri:0, instance:com.crm.qa.testcases.LoginPageTest@3bfdc050]" name="setUP" is-config="true" duration-ms="6586" started-at="2018-10-27T00:54:04Z" finished-at="2018-10-27T00:54:10Z">
          <reporter-output>
          </reporter-output>
        </test-method> <!-- setUP -->
        <test-method status="PASS" signature="loginTest()[pri:3, instance:com.crm.qa.testcases.LoginPageTest@3bfdc050]" name="loginTest" duration-ms="7766" started-at="2018-10-27T00:54:10Z" finished-at="2018-10-27T00:54:18Z">
          <reporter-output>
          </reporter-output>
        </test-method> <!-- loginTest -->
        <test-method status="PASS" signature="tearDown()[pri:0, instance:com.crm.qa.testcases.LoginPageTest@3bfdc050]" name="tearDown" is-config="true" duration-ms="752" started-at="2018-10-27T00:54:18Z" finished-at="2018-10-27T00:54:19Z">
          <reporter-output>
          </reporter-output>
        </test-method> <!-- tearDown -->
      </class> <!-- com.crm.qa.testcases.LoginPageTest -->
    </test> <!-- FREE CRM App Test Cases -->
  </suite> <!-- FREE CRM Application Test Automation Test Suite -->
</testng-results>
